【登录信息】
*e2060a85c70ee15db52c52a8cc717c3b*
`登陆天数: 80天 / 788天
等级: 137
石头: 51
呼符: 21
体力: 78.84 / 140
友情点: 0 / 461330`
*連続ログイン3日目
※ログインが途切れるか、7日到達すると
1日目から再開されます*
`叡智の業火 X 1
11月交換券(2024) X 1
`*秋の戦力増強キャンペーン特別ログインボーナス！*
*開催期間中、1日1回 最大7回 ログインボーナスをプレゼント！*
`QP X 2000000
`_2024-10-31 19:34:04_
--------
*557049258fbf5f2521e6b2bb1cde99e9*
`登陆天数: 806天 / 806天
等级: 133
石头: 2619
呼符: 378
体力: 773.0733333333334 / 139
友情点: 0 / 29360`
*連続ログイン1日目
※ログインが途切れるか、7日到達すると
1日目から再開されます*
`フレンドポイント X 2000
11月交換券(2024) X 1
`*秋の戦力増強キャンペーン特別ログインボーナス！*
*開催期間中、1日1回 最大7回 ログインボーナスをプレゼント！*
`QP X 2000000
`_2024-10-31 19:34:13_
--------
