【登录信息】
*e2060a85c70ee15db52c52a8cc717c3b*
`登陆天数: 81天 / 789天
等级: 137
石头: 70
呼符: 23
体力: 57.95666666666666 / 140
友情点: 0 / 531805`
*連続ログイン4日目
※ログインが途切れるか、7日到達すると
1日目から再開されます*
`聖晶石 X 1
11月交換券(2024) X 1
`*秋の戦力増強キャンペーン特別ログインボーナス！*
*開催期間中、1日1回 最大7回 ログインボーナスをプレゼント！*
`叡智の業火 X 3
`_2024-11-01 19:33:38_
--------
*557049258fbf5f2521e6b2bb1cde99e9*
`登陆天数: 807天 / 807天
等级: 133
石头: 2619
呼符: 378
体力: 1060.9833333333333 / 139
友情点: 0 / 29360`
*連続ログイン2日目
※ログインが途切れるか、7日到達すると
1日目から再開されます*
`聖晶石 X 1
11月交換券(2024) X 1
`*使用期限付コンティニューアイテムプレゼント！*
*開催期間中、初回ログインでコンティニューアイテム「霊脈石×3」をプレゼント！*
`霊脈石 X 3
`_2024-11-01 19:33:46_
--------
