【登录信息】
*e2060a85c70ee15db52c52a8cc717c3b*
`登陆天数: 82天 / 790天
等级: 137
石头: 70
呼符: 23
体力: 345.7166666666667 / 140
友情点: 0 / 531805`
*連続ログイン5日目
※ログインが途切れるか、7日到達すると
1日目から再開されます*
`叡智の業火 X 2
11月交換券(2024) X 1
`*秋の戦力増強キャンペーン特別ログインボーナス！*
*開催期間中、1日1回 最大7回 ログインボーナスをプレゼント！*
`英霊結晶・太陽のフォウくん X 5
`_2024-11-02 19:32:25_
--------
*557049258fbf5f2521e6b2bb1cde99e9*
`登陆天数: 808天 / 808天
等级: 133
石头: 2000
呼符: 240
体力: 1348.7433333333333 / 139
友情点: 0 / 160`
*連続ログイン3日目
※ログインが途切れるか、7日到達すると
1日目から再開されます*
`叡智の業火 X 1
11月交換券(2024) X 1
`*秋の戦力増強キャンペーン特別ログインボーナス！*
*開催期間中、1日1回 最大7回 ログインボーナスをプレゼント！*
`英霊結晶・太陽のフォウくん X 5
`_2024-11-02 19:32:34_
--------
