【登录信息】
*e2060a85c70ee15db52c52a8cc717c3b*
`登陆天数: 83天 / 791天
等级: 137
石头: 77
呼符: 24
体力: 64.58333333333333 / 140
友情点: 0 / 532290`
*連続ログイン6日目
※ログインが途切れるか、7日到達すると
1日目から再開されます*
`聖晶石 X 2
11月交換券(2024) X 1
`*秋の戦力増強キャンペーン特別ログインボーナス！*
*開催期間中、1日1回 最大7回 ログインボーナスをプレゼント！*
`叡智の業火 X 3
`_2024-11-03 19:32:47_
--------
*557049258fbf5f2521e6b2bb1cde99e9*
`登陆天数: 809天 / 809天
等级: 133
石头: 2000
呼符: 240
体力: 78.95666666666666 / 139
友情点: 0 / 160`
*連続ログイン4日目
※ログインが途切れるか、7日到達すると
1日目から再開されます*
`聖晶石 X 1
11月交換券(2024) X 1
`*秋の戦力増強キャンペーン特別ログインボーナス！*
*開催期間中、1日1回 最大7回 ログインボーナスをプレゼント！*
`叡智の業火 X 3
`_2024-11-03 19:32:56_
--------
