【登录信息】
*e2060a85c70ee15db52c52a8cc717c3b*
`登陆天数: 84天 / 792天
等级: 137
石头: 77
呼符: 24
体力: 352.49333333333334 / 140
友情点: 0 / 532290`
*連続ログイン7日間到達おめでとうございます！
明日は1日目からリスタートされます。*
`獣の足跡 X 1
呼符 X 1
11月交換券(2024) X 1
`*秋の戦力増強キャンペーン特別ログインボーナス！*
*開催期間中、1日1回 最大7回 ログインボーナスをプレゼント！*
`QP X 3000000
`_2024-11-04 19:32:21_
--------
*557049258fbf5f2521e6b2bb1cde99e9*
`登陆天数: 810天 / 810天
等级: 134
石头: 2008
呼符: 245
体力: 62.126666666666665 / 139
友情点: 0 / 22400`
*連続ログイン5日目
※ログインが途切れるか、7日到達すると
1日目から再開されます*
`叡智の業火 X 2
11月交換券(2024) X 1
`*秋の戦力増強キャンペーン特別ログインボーナス！*
*開催期間中、1日1回 最大7回 ログインボーナスをプレゼント！*
`QP X 3000000
`_2024-11-04 19:32:29_
--------
