【登录信息】
*e2060a85c70ee15db52c52a8cc717c3b*
`登陆天数: 88天 / 796天
等级: 137
石头: 77
呼符: 24
体力: 965.7533333333333 / 140
友情点: 0 / 532960`
*連続ログイン4日目
※ログインが途切れるか、7日到達すると
1日目から再開されます*
`聖晶石 X 1
11月交換券(2024) X 1
`*「ぶち壊せ！ ミステリーハウス・クラフターズ ～星の鉱員と日の出の翼～」開幕直前特別ログインボーナス*
*開催期間中、1日1回 最大7回 ログインボーナスをプレゼント！*
`QP X 1000000
`_2024-11-08 19:32:18_
--------
*557049258fbf5f2521e6b2bb1cde99e9*
`登陆天数: 814天 / 814天
等级: 134
石头: 2020
呼符: 248
体力: 1021.3766666666667 / 139
友情点: 0 / 62890`
*連続ログイン2日目
※ログインが途切れるか、7日到達すると
1日目から再開されます*
`聖晶石 X 1
11月交換券(2024) X 1
`*「ぶち壊せ！ ミステリーハウス・クラフターズ ～星の鉱員と日の出の翼～」開幕直前特別ログインボーナス*
*開催期間中、1日1回 最大7回 ログインボーナスをプレゼント！*
`QP X 1000000
`_2024-11-08 19:32:26_
--------
