【登录信息】
*e2060a85c70ee15db52c52a8cc717c3b*
`登陆天数: 89天 / 797天
等级: 137
石头: 77
呼符: 24
体力: 1253.8533333333332 / 140
友情点: 0 / 532960`
*連続ログイン5日目
※ログインが途切れるか、7日到達すると
1日目から再開されます*
`叡智の業火 X 2
11月交換券(2024) X 1
`*「ぶち壊せ！ ミステリーハウス・クラフターズ ～星の鉱員と日の出の翼～」開幕直前特別ログインボーナス*
*開催期間中、1日1回 最大7回 ログインボーナスをプレゼント！*
`黄金の果実 X 1
`_2024-11-09 19:32:47_
--------
*557049258fbf5f2521e6b2bb1cde99e9*
`登陆天数: 815天 / 815天
等级: 134
石头: 2020
呼符: 248
体力: 1309.4766666666667 / 139
友情点: 0 / 62890`
*連続ログイン3日目
※ログインが途切れるか、7日到達すると
1日目から再開されます*
`叡智の業火 X 1
11月交換券(2024) X 1
`*「ぶち壊せ！ ミステリーハウス・クラフターズ ～星の鉱員と日の出の翼～」開幕直前特別ログインボーナス*
*開催期間中、1日1回 最大7回 ログインボーナスをプレゼント！*
`黄金の果実 X 1
`_2024-11-09 19:32:56_
--------
