【登录信息】
*e2060a85c70ee15db52c52a8cc717c3b*
`登陆天数: 91天 / 799天
等级: 137
石头: 77
呼符: 24
体力: 1829.7333333333333 / 140
友情点: 0 / 532960`
*連続ログイン7日間到達おめでとうございます！
明日は1日目からリスタートされます。*
`獣の足跡 X 1
呼符 X 1
11月交換券(2024) X 1
`*「ぶち壊せ！ ミステリーハウス・クラフターズ ～星の鉱員と日の出の翼～」開幕直前特別ログインボーナス*
*開催期間中、1日1回 最大7回 ログインボーナスをプレゼント！*
`黄金の果実 X 1
`_2024-11-11 19:32:11_
--------
*557049258fbf5f2521e6b2bb1cde99e9*
`登陆天数: 817天 / 817天
等级: 134
石头: 2020
呼符: 248
体力: 1885.3566666666666 / 139
友情点: 0 / 62890`
*連続ログイン5日目
※ログインが途切れるか、7日到達すると
1日目から再開されます*
`叡智の業火 X 2
11月交換券(2024) X 1
`*「ぶち壊せ！ ミステリーハウス・クラフターズ ～星の鉱員と日の出の翼～」開幕直前特別ログインボーナス*
*開催期間中、1日1回 最大7回 ログインボーナスをプレゼント！*
`黄金の果実 X 1
`_2024-11-11 19:32:20_
--------
