【登录信息】
*e2060a85c70ee15db52c52a8cc717c3b*
`登陆天数: 41天 / 749天
等级: 137
石头: 12
呼符: 0
体力: 69.67333333333333 / 140
友情点: 0 / 1314570`
*連続ログイン6日目
※ログインが途切れるか、7日到達すると
1日目から再開されます*
`聖晶石 X 2
9月交換券(2024) X 1
`*「京都国際マンガ・アニメフェア2024」出展記念 初回ログインボーナス*
*開催期間中、初回ログインで「聖晶石×10」をプレゼント！*
`聖晶石 X 10
`_2024-09-22 19:32:27_
--------
*557049258fbf5f2521e6b2bb1cde99e9*
`登陆天数: 767天 / 767天
等级: 131
石头: 3931
呼符: 394
体力: 4807.556666666666 / 138
友情点: 0 / 627720`
*連続ログイン4日目
※ログインが途切れるか、7日到達すると
1日目から再開されます*
`聖晶石 X 1
9月交換券(2024) X 1
`*「京都国際マンガ・アニメフェア2024」出展記念 初回ログインボーナス*
*開催期間中、初回ログインで「聖晶石×10」をプレゼント！*
`聖晶石 X 10
`_2024-09-22 19:32:36_
--------
