【登录信息】
*e2060a85c70ee15db52c52a8cc717c3b*
`登陆天数: 42天 / 750天
等级: 137
石头: 12
呼符: 0
体力: 357.6633333333333 / 140
友情点: 0 / 1314570`
*連続ログイン7日間到達おめでとうございます！
明日は1日目からリスタートされます。*
`獣の足跡 X 1
呼符 X 1
9月交換券(2024) X 1
`*「奏章Ⅲ 新霊長後継戦 アーキタイプ・インセプション」(後編)
開幕直前&攻略応援特別ログインボーナス*
*開催期間中、1日1回 最大8回 ログインボーナスをプレゼント！*
`獣の足跡 X 1
`_2024-09-23 19:32:25_
--------
*557049258fbf5f2521e6b2bb1cde99e9*
`登陆天数: 768天 / 768天
等级: 131
石头: 3931
呼符: 394
体力: 5095.546666666667 / 138
友情点: 0 / 627720`
*連続ログイン5日目
※ログインが途切れるか、7日到達すると
1日目から再開されます*
`叡智の業火 X 2
9月交換券(2024) X 1
`*「奏章Ⅲ 新霊長後継戦 アーキタイプ・インセプション」(後編)
開幕直前&攻略応援特別ログインボーナス*
*開催期間中、1日1回 最大8回 ログインボーナスをプレゼント！*
`獣の足跡 X 1
`_2024-09-23 19:32:33_
--------
