【登录信息】
*e2060a85c70ee15db52c52a8cc717c3b*
`登陆天数: 43天 / 751天
等级: 137
石头: 18
呼符: 1
体力: 59.709999999999994 / 140
友情点: 0 / 1316880`
*連続ログイン1日目
※ログインが途切れるか、7日到達すると
1日目から再開されます*
`フレンドポイント X 2000
9月交換券(2024) X 1
`*「奏章Ⅲ 新霊長後継戦 アーキタイプ・インセプション」(後編)
開幕直前&攻略応援特別ログインボーナス*
*開催期間中、1日1回 最大8回 ログインボーナスをプレゼント！*
`星見のティーポット X 3
`_2024-09-24 19:33:50_
--------
*557049258fbf5f2521e6b2bb1cde99e9*
`登陆天数: 769天 / 769天
等级: 131
石头: 3931
呼符: 394
体力: 76.35666666666667 / 138
友情点: 0 / 627720`
*連続ログイン6日目
※ログインが途切れるか、7日到達すると
1日目から再開されます*
`聖晶石 X 2
9月交換券(2024) X 1
`*「奏章Ⅲ 新霊長後継戦 アーキタイプ・インセプション」(後編)
開幕直前&攻略応援特別ログインボーナス*
*開催期間中、1日1回 最大8回 ログインボーナスをプレゼント！*
`星見のティーポット X 3
`_2024-09-24 19:33:59_
--------
