【登录信息】
*e2060a85c70ee15db52c52a8cc717c3b*
`登陆天数: 44天 / 752天
等级: 137
石头: 0
呼符: 1
体力: 347.4666666666667 / 140
友情点: 0 / 470880`
*連続ログイン2日目
※ログインが途切れるか、7日到達すると
1日目から再開されます*
`聖晶石 X 1
9月交換券(2024) X 1
`*奏章Ⅲ 新霊長後継戦 アーキタイプ・インセプション 開幕記念 ログインボーナス*
*開催期間中、1日1回 最大78回 ログインボーナスをプレゼント！*
`白銀の果実 X 1
`_2024-09-25 19:32:37_
--------
*557049258fbf5f2521e6b2bb1cde99e9*
`登陆天数: 770天 / 770天
等级: 131
石头: 3931
呼符: 394
体力: 364.11333333333334 / 138
友情点: 0 / 627720`
*連続ログイン7日間到達おめでとうございます！
明日は1日目からリスタートされます。*
`獣の足跡 X 1
呼符 X 1
9月交換券(2024) X 1
`*奏章Ⅲ 新霊長後継戦 アーキタイプ・インセプション 開幕記念 ログインボーナス*
*開催期間中、1日1回 最大78回 ログインボーナスをプレゼント！*
`白銀の果実 X 1
`_2024-09-25 19:32:46_
--------
