【登录信息】
*e2060a85c70ee15db52c52a8cc717c3b*
`登陆天数: 46天 / 754天
等级: 137
石头: 0
呼符: 1
体力: 923.4266666666666 / 140
友情点: 0 / 470880`
*連続ログイン4日目
※ログインが途切れるか、7日到達すると
1日目から再開されます*
`聖晶石 X 1
9月交換券(2024) X 1
`*奏章Ⅲ 新霊長後継戦 アーキタイプ・インセプション 開幕記念 ログインボーナス*
*開催期間中、1日1回 最大78回 ログインボーナスをプレゼント！*
`白銀の果実 X 1
`_2024-09-27 19:32:25_
--------
*557049258fbf5f2521e6b2bb1cde99e9*
`登陆天数: 772天 / 772天
等级: 131
石头: 3829
呼符: 394
体力: 52.879999999999995 / 138
友情点: 0 / 621890`
*連続ログイン2日目
※ログインが途切れるか、7日到達すると
1日目から再開されます*
`聖晶石 X 1
9月交換券(2024) X 1
`*奏章Ⅲ 新霊長後継戦 アーキタイプ・インセプション 開幕記念 ログインボーナス*
*開催期間中、1日1回 最大78回 ログインボーナスをプレゼント！*
`白銀の果実 X 1
`_2024-09-27 19:32:35_
--------
