【登录信息】
*e2060a85c70ee15db52c52a8cc717c3b*
`登陆天数: 50天 / 758天
等级: 137
石头: 5
呼符: 1
体力: 366.7966666666666 / 140
友情点: 0 / 470880`
*連続ログイン1日目
※ログインが途切れるか、7日到達すると
1日目から再開されます*
`フレンドポイント X 2000
10月交換券(2024) X 1
`*使用期限付コンティニューアイテムプレゼント！*
*開催期間中、初回ログインでコンティニューアイテム「霊脈石×3」をプレゼント！*
`霊脈石 X 3
`_2024-10-01 19:32:30_
--------
*557049258fbf5f2521e6b2bb1cde99e9*
`登陆天数: 776天 / 776天
等级: 132
石头: 3487
呼符: 395
体力: 152.12 / 138
友情点: 0 / 619080`
*連続ログイン6日目
※ログインが途切れるか、7日到達すると
1日目から再開されます*
`聖晶石 X 2
10月交換券(2024) X 1
`*奏章Ⅲ 新霊長後継戦 アーキタイプ・インセプション 開幕記念 ログインボーナス*
*開催期間中、1日1回 最大78回 ログインボーナスをプレゼント！*
`黄金の果実 X 1
`_2024-10-01 19:32:39_
--------
