【登录信息】
*e2060a85c70ee15db52c52a8cc717c3b*
`登陆天数: 52天 / 760天
等级: 137
石头: 11
呼符: 1
体力: 69.04666666666667 / 140
友情点: 0 / 474880`
*連続ログイン3日目
※ログインが途切れるか、7日到達すると
1日目から再開されます*
`叡智の業火 X 1
10月交換券(2024) X 1
`*奏章Ⅲ 新霊長後継戦 アーキタイプ・インセプション 開幕記念 ログインボーナス*
*開催期間中、1日1回 最大78回 ログインボーナスをプレゼント！*
`白銀の果実 X 1
`_2024-10-03 19:34:08_
--------
*557049258fbf5f2521e6b2bb1cde99e9*
`登陆天数: 778天 / 778天
等级: 132
石头: 3487
呼符: 395
体力: 66.76666666666667 / 138
友情点: 0 / 619080`
*連続ログイン1日目
※ログインが途切れるか、7日到達すると
1日目から再開されます*
`フレンドポイント X 2000
10月交換券(2024) X 1
`*奏章Ⅲ 新霊長後継戦 アーキタイプ・インセプション 開幕記念 ログインボーナス*
*開催期間中、1日1回 最大78回 ログインボーナスをプレゼント！*
`白銀の果実 X 1
`_2024-10-03 19:34:17_
--------
