【登录信息】
*e2060a85c70ee15db52c52a8cc717c3b*
`登陆天数: 54天 / 762天
等级: 137
石头: 11
呼符: 1
体力: 644.7233333333334 / 140
友情点: 0 / 474880`
*連続ログイン5日目
※ログインが途切れるか、7日到達すると
1日目から再開されます*
`叡智の業火 X 2
10月交換券(2024) X 1
`*3000万DL記念 特別回数ログインボーナス*
*開催期間中、1日1回 最大10回 回数ログインボーナスをプレゼント！*
`叡智の業火 X 30
`_2024-10-05 19:32:31_
--------
*557049258fbf5f2521e6b2bb1cde99e9*
`登陆天数: 780天 / 780天
等级: 132
石头: 3487
呼符: 395
体力: 642.4466666666667 / 138
友情点: 0 / 619080`
*連続ログイン3日目
※ログインが途切れるか、7日到達すると
1日目から再開されます*
`叡智の業火 X 1
10月交換券(2024) X 1
`*3000万DL記念 特別回数ログインボーナス*
*開催期間中、1日1回 最大10回 回数ログインボーナスをプレゼント！*
`叡智の業火 X 30
`_2024-10-05 19:32:40_
--------
