【登录信息】
*e2060a85c70ee15db52c52a8cc717c3b*
`登陆天数: 55天 / 763天
等级: 137
石头: 24
呼符: 1
体力: 58.44666666666667 / 140
友情点: 0 / 475065`
*連続ログイン6日目
※ログインが途切れるか、7日到達すると
1日目から再開されます*
`聖晶石 X 2
10月交換券(2024) X 1
`*3000万DL記念 特別回数ログインボーナス*
*開催期間中、1日1回 最大10回 回数ログインボーナスをプレゼント！*
`マナプリズム X 300
`_2024-10-06 19:33:27_
--------
*557049258fbf5f2521e6b2bb1cde99e9*
`登陆天数: 781天 / 781天
等级: 132
石头: 3487
呼符: 395
体力: 930.63 / 138
友情点: 0 / 619080`
*連続ログイン4日目
※ログインが途切れるか、7日到達すると
1日目から再開されます*
`聖晶石 X 1
10月交換券(2024) X 1
`*3000万DL記念 特別回数ログインボーナス*
*開催期間中、1日1回 最大10回 回数ログインボーナスをプレゼント！*
`マナプリズム X 300
`_2024-10-06 19:33:36_
--------
