【登录信息】
*e2060a85c70ee15db52c52a8cc717c3b*
`登陆天数: 56天 / 764天
等级: 137
石头: 24
呼符: 1
体力: 346.27666666666664 / 140
友情点: 0 / 475065`
*連続ログイン7日間到達おめでとうございます！
明日は1日目からリスタートされます。*
`獣の足跡 X 1
呼符 X 1
10月交換券(2024) X 1
`*3000万DL記念 特別回数ログインボーナス*
*開催期間中、1日1回 最大10回 回数ログインボーナスをプレゼント！*
`QP X 30000000
`_2024-10-07 19:32:35_
--------
*557049258fbf5f2521e6b2bb1cde99e9*
`登陆天数: 782天 / 782天
等级: 132
石头: 3487
呼符: 415
体力: 1218.46 / 138
友情点: 0 / 621080`
*連続ログイン5日目
※ログインが途切れるか、7日到達すると
1日目から再開されます*
`叡智の業火 X 2
10月交換券(2024) X 1
`*3000万DL記念 特別回数ログインボーナス*
*開催期間中、1日1回 最大10回 回数ログインボーナスをプレゼント！*
`QP X 30000000
`_2024-10-07 19:32:44_
--------
