【登录信息】
*e2060a85c70ee15db52c52a8cc717c3b*
`登陆天数: 57天 / 765天
等级: 137
石头: 24
呼符: 1
体力: 634.2866666666666 / 140
友情点: 0 / 475065`
*連続ログイン1日目
※ログインが途切れるか、7日到達すると
1日目から再開されます*
`フレンドポイント X 2000
10月交換券(2024) X 1
`*3000万DL記念 特別回数ログインボーナス*
*開催期間中、1日1回 最大10回 回数ログインボーナスをプレゼント！*
`英霊結晶・星のフォウくん X 30
英霊結晶・太陽のフォウくん X 30
`_2024-10-08 19:32:38_
--------
*557049258fbf5f2521e6b2bb1cde99e9*
`登陆天数: 783天 / 783天
等级: 132
石头: 3487
呼符: 415
体力: 1506.47 / 138
友情点: 0 / 621080`
*連続ログイン6日目
※ログインが途切れるか、7日到達すると
1日目から再開されます*
`聖晶石 X 2
10月交換券(2024) X 1
`*3000万DL記念 特別回数ログインボーナス*
*開催期間中、1日1回 最大10回 回数ログインボーナスをプレゼント！*
`英霊結晶・星のフォウくん X 30
英霊結晶・太陽のフォウくん X 30
`_2024-10-08 19:32:47_
--------
