【登录信息】
*e2060a85c70ee15db52c52a8cc717c3b*
`登陆天数: 58天 / 766天
等级: 137
石头: 24
呼符: 1
体力: 922.22 / 140
友情点: 0 / 475065`
*連続ログイン2日目
※ログインが途切れるか、7日到達すると
1日目から再開されます*
`聖晶石 X 1
10月交換券(2024) X 1
`*「10月開幕予定 期間限定イベント」直前ログインボーナス*
*開催期間中、1日1回 最大7回 ログインボーナスをプレゼント！*
`聖晶石 X 1
霊脈石 X 1
`_2024-10-09 19:32:18_
--------
*557049258fbf5f2521e6b2bb1cde99e9*
`登陆天数: 784天 / 784天
等级: 132
石头: 3490
呼符: 415
体力: 99.60333333333332 / 138
友情点: 0 / 621830`
*連続ログイン7日間到達おめでとうございます！
明日は1日目からリスタートされます。*
`獣の足跡 X 1
呼符 X 1
10月交換券(2024) X 1
`*「10月開幕予定 期間限定イベント」直前ログインボーナス*
*開催期間中、1日1回 最大7回 ログインボーナスをプレゼント！*
`聖晶石 X 1
霊脈石 X 1
`_2024-10-09 19:32:27_
--------
