【登录信息】
*e2060a85c70ee15db52c52a8cc717c3b*
`登陆天数: 60天 / 768天
等级: 137
石头: 24
呼符: 21
体力: 1498.2733333333333 / 140
友情点: 0 / 475065`
*連続ログイン4日目
※ログインが途切れるか、7日到達すると
1日目から再開されます*
`聖晶石 X 1
10月交換券(2024) X 1
`*「10月開幕予定 期間限定イベント」直前ログインボーナス*
*開催期間中、1日1回 最大7回 ログインボーナスをプレゼント！*
`QP X 2000000
霊脈石 X 1
`_2024-10-11 19:32:35_
--------
*557049258fbf5f2521e6b2bb1cde99e9*
`登陆天数: 786天 / 786天
等级: 132
石头: 3412
呼符: 418
体力: 106.27666666666667 / 138
友情点: 0 / 584350`
*連続ログイン2日目
※ログインが途切れるか、7日到達すると
1日目から再開されます*
`聖晶石 X 1
10月交換券(2024) X 1
`*「10月開幕予定 期間限定イベント」直前ログインボーナス*
*開催期間中、1日1回 最大7回 ログインボーナスをプレゼント！*
`QP X 2000000
霊脈石 X 1
`_2024-10-11 19:32:44_
--------
