【登录信息】
*e2060a85c70ee15db52c52a8cc717c3b*
`登陆天数: 61天 / 769天
等级: 137
石头: 24
呼符: 21
体力: 1786.4166666666667 / 140
友情点: 0 / 475065`
*連続ログイン5日目
※ログインが途切れるか、7日到達すると
1日目から再開されます*
`叡智の業火 X 2
10月交換券(2024) X 1
`*「10月開幕予定 期間限定イベント」直前ログインボーナス*
*開催期間中、1日1回 最大7回 ログインボーナスをプレゼント！*
`聖晶石 X 1
霊脈石 X 1
`_2024-10-12 19:33:17_
--------
*557049258fbf5f2521e6b2bb1cde99e9*
`登陆天数: 787天 / 787天
等级: 132
石头: 3412
呼符: 418
体力: 78.32 / 138
友情点: 0 / 584350`
*連続ログイン3日目
※ログインが途切れるか、7日到達すると
1日目から再開されます*
`叡智の業火 X 1
10月交換券(2024) X 1
`*「10月開幕予定 期間限定イベント」直前ログインボーナス*
*開催期間中、1日1回 最大7回 ログインボーナスをプレゼント！*
`聖晶石 X 1
霊脈石 X 1
`_2024-10-12 19:33:26_
--------
