【登录信息】
*e2060a85c70ee15db52c52a8cc717c3b*
`登陆天数: 62天 / 770天
等级: 137
石头: 24
呼符: 21
体力: 2074.2966666666666 / 140
友情点: 0 / 475065`
*連続ログイン6日目
※ログインが途切れるか、7日到達すると
1日目から再開されます*
`聖晶石 X 2
10月交換券(2024) X 1
`*「10月開幕予定 期間限定イベント」直前ログインボーナス*
*開催期間中、1日1回 最大7回 ログインボーナスをプレゼント！*
`英霊結晶・星のフォウくん X 5
霊脈石 X 1
`_2024-10-13 19:32:42_
--------
*557049258fbf5f2521e6b2bb1cde99e9*
`登陆天数: 788天 / 788天
等级: 132
石头: 3412
呼符: 418
体力: 366.2 / 138
友情点: 0 / 584350`
*連続ログイン4日目
※ログインが途切れるか、7日到達すると
1日目から再開されます*
`聖晶石 X 1
10月交換券(2024) X 1
`*「10月開幕予定 期間限定イベント」直前ログインボーナス*
*開催期間中、1日1回 最大7回 ログインボーナスをプレゼント！*
`英霊結晶・星のフォウくん X 5
霊脈石 X 1
`_2024-10-13 19:32:50_
--------
