【登录信息】
*e2060a85c70ee15db52c52a8cc717c3b*
`登陆天数: 64天 / 772天
等级: 137
石头: 24
呼符: 21
体力: 175.94333333333333 / 140
友情点: 0 / 463065`
*連続ログイン1日目
※ログインが途切れるか、7日到達すると
1日目から再開されます*
`フレンドポイント X 2000
10月交換券(2024) X 1
`*「10月開幕予定 期間限定イベント」直前ログインボーナス*
*開催期間中、1日1回 最大7回 ログインボーナスをプレゼント！*
`聖晶石 X 1
霊脈石 X 1
`_2024-10-16 00:57:08_
--------
*557049258fbf5f2521e6b2bb1cde99e9*
`登陆天数: 790天 / 790天
等级: 132
石头: 3388
呼符: 418
体力: 186.99333333333334 / 138
友情点: 0 / 584970`
*連続ログイン6日目
※ログインが途切れるか、7日到達すると
1日目から再開されます*
`聖晶石 X 2
10月交換券(2024) X 1
`*「10月開幕予定 期間限定イベント」直前ログインボーナス*
*開催期間中、1日1回 最大7回 ログインボーナスをプレゼント！*
`聖晶石 X 1
霊脈石 X 1
`_2024-10-16 00:57:16_
--------
