【登录信息】
*e2060a85c70ee15db52c52a8cc717c3b*
`登陆天数: 66天 / 774天
等级: 137
石头: 24
呼符: 21
体力: 687.2633333333333 / 140
友情点: 0 / 463065`
*連続ログイン3日目
※ログインが途切れるか、7日到達すると
1日目から再開されます*
`叡智の業火 X 1
10月交換券(2024) X 1
`*妖精双六虫籠遊戯 まだ見ぬ完璧なあなたへ 開幕記念 ログインボーナス*
*開催期間中、1日1回 最大78回 ログインボーナスをプレゼント！*
`白銀の果実 X 1
`_2024-10-17 19:33:44_
--------
*557049258fbf5f2521e6b2bb1cde99e9*
`登陆天数: 792天 / 792天
等级: 132
石头: 3118
呼符: 418
体力: 478.3833333333333 / 138
友情点: 0 / 561080`
*連続ログイン1日目
※ログインが途切れるか、7日到達すると
1日目から再開されます*
`フレンドポイント X 2000
10月交換券(2024) X 1
`*妖精双六虫籠遊戯 まだ見ぬ完璧なあなたへ 開幕記念 ログインボーナス*
*開催期間中、1日1回 最大78回 ログインボーナスをプレゼント！*
`白銀の果実 X 1
`_2024-10-17 19:33:53_
--------
