【登录信息】
*e2060a85c70ee15db52c52a8cc717c3b*
`登陆天数: 67天 / 775天
等级: 137
石头: 24
呼符: 21
体力: 975.0533333333333 / 140
友情点: 0 / 463065`
*連続ログイン4日目
※ログインが途切れるか、7日到達すると
1日目から再開されます*
`聖晶石 X 1
10月交換券(2024) X 1
`*妖精双六虫籠遊戯 まだ見ぬ完璧なあなたへ 開幕記念 ログインボーナス*
*開催期間中、1日1回 最大78回 ログインボーナスをプレゼント！*
`白銀の果実 X 1
`_2024-10-18 19:32:40_
--------
*557049258fbf5f2521e6b2bb1cde99e9*
`登陆天数: 793天 / 793天
等级: 133
石头: 3017
呼符: 390
体力: 108.87 / 139
友情点: 0 / 545550`
*連続ログイン2日目
※ログインが途切れるか、7日到達すると
1日目から再開されます*
`聖晶石 X 1
10月交換券(2024) X 1
`*妖精双六虫籠遊戯 まだ見ぬ完璧なあなたへ 開幕記念 ログインボーナス*
*開催期間中、1日1回 最大78回 ログインボーナスをプレゼント！*
`白銀の果実 X 1
`_2024-10-18 19:32:49_
--------
