【登录信息】
*e2060a85c70ee15db52c52a8cc717c3b*
`登陆天数: 70天 / 778天
等级: 137
石头: 24
呼符: 21
体力: 444.5566666666667 / 140
友情点: 0 / 461075`
*連続ログイン7日間到達おめでとうございます！
明日は1日目からリスタートされます。*
`獣の足跡 X 1
呼符 X 1
10月交換券(2024) X 1
`*妖精双六虫籠遊戯 まだ見ぬ完璧なあなたへ 開幕記念 ログインボーナス*
*開催期間中、1日1回 最大78回 ログインボーナスをプレゼント！*
`白銀の果実 X 1
`_2024-10-21 19:32:31_
--------
*557049258fbf5f2521e6b2bb1cde99e9*
`登陆天数: 796天 / 796天
等级: 133
石头: 2801
呼符: 390
体力: 413.7033333333333 / 139
友情点: 0 / 538890`
*連続ログイン5日目
※ログインが途切れるか、7日到達すると
1日目から再開されます*
`叡智の業火 X 2
10月交換券(2024) X 1
`*妖精双六虫籠遊戯 まだ見ぬ完璧なあなたへ 開幕記念 ログインボーナス*
*開催期間中、1日1回 最大78回 ログインボーナスをプレゼント！*
`白銀の果実 X 1
`_2024-10-21 19:32:41_
--------
