【登录信息】
*e2060a85c70ee15db52c52a8cc717c3b*
`登陆天数: 71天 / 779天
等级: 137
石头: 24
呼符: 21
体力: 732.54 / 140
友情点: 0 / 461075`
*連続ログイン1日目
※ログインが途切れるか、7日到達すると
1日目から再開されます*
`フレンドポイント X 2000
10月交換券(2024) X 1
`*妖精双六虫籠遊戯 まだ見ぬ完璧なあなたへ 開幕記念 ログインボーナス*
*開催期間中、1日1回 最大78回 ログインボーナスをプレゼント！*
`黄金の果実 X 1
`_2024-10-22 19:32:26_
--------
*557049258fbf5f2521e6b2bb1cde99e9*
`登陆天数: 797天 / 797天
等级: 133
石头: 2811
呼符: 390
体力: 701.6833333333333 / 139
友情点: 0 / 538890`
*連続ログイン6日目
※ログインが途切れるか、7日到達すると
1日目から再開されます*
`聖晶石 X 2
10月交換券(2024) X 1
`*妖精双六虫籠遊戯 まだ見ぬ完璧なあなたへ 開幕記念 ログインボーナス*
*開催期間中、1日1回 最大78回 ログインボーナスをプレゼント！*
`黄金の果実 X 1
`_2024-10-22 19:32:35_
--------
