【登录信息】
*e2060a85c70ee15db52c52a8cc717c3b*
`登陆天数: 79天 / 787天
等级: 137
石头: 31
呼符: 21
体力: 73.0 / 140
友情点: 0 / 461075`
*連続ログイン2日目
※ログインが途切れるか、7日到達すると
1日目から再開されます*
`聖晶石 X 1
10月交換券(2024) X 1
`*秋の戦力増強キャンペーン特別ログインボーナス！*
*開催期間中、1日1回 最大7回 ログインボーナスをプレゼント！*
`英霊結晶・星のフォウくん X 5
`_2024-10-30 19:32:27_
--------
*557049258fbf5f2521e6b2bb1cde99e9*
`登陆天数: 805天 / 805天
等级: 133
石头: 2619
呼符: 378
体力: 484.75 / 139
友情点: 0 / 29360`
*連続ログイン7日間到達おめでとうございます！
明日は1日目からリスタートされます。*
`獣の足跡 X 1
呼符 X 1
10月交換券(2024) X 1
`*秋の戦力増強キャンペーン特別ログインボーナス！*
*開催期間中、1日1回 最大7回 ログインボーナスをプレゼント！*
`英霊結晶・星のフォウくん X 5
`_2024-10-30 19:32:36_
--------
